[1/5] Compile solver and checkers
[2/5] Generate, solve, and verify six exhaustive branches
{'case': 0, 'vars': 3601, 'clauses': 8656, 'orientation_vars': 78}
RUP VERIFIED steps=1 empty=1 clauses=8657
NAIVE RUP VERIFIED steps=1 clauses=8657 sec=0.002
{'case': 1, 'vars': 3601, 'clauses': 8656, 'orientation_vars': 78}
RUP VERIFIED steps=1 empty=1 clauses=8657
NAIVE RUP VERIFIED steps=1 clauses=8657 sec=0.002
{'case': 2, 'vars': 3601, 'clauses': 8656, 'orientation_vars': 78}
RUP VERIFIED steps=817 empty=1 clauses=9473
NAIVE RUP VERIFIED steps=817 clauses=9473 sec=10.194
{'case': 3, 'vars': 3601, 'clauses': 8656, 'orientation_vars': 78}
RUP VERIFIED steps=630 empty=1 clauses=9286
NAIVE RUP VERIFIED steps=630 clauses=9286 sec=6.779
{'case': 4, 'vars': 3601, 'clauses': 8656, 'orientation_vars': 78}
RUP VERIFIED steps=1 empty=1 clauses=8657
NAIVE RUP VERIFIED steps=1 clauses=8657 sec=0.010
{'case': 5, 'vars': 3601, 'clauses': 8656, 'orientation_vars': 78}
RUP VERIFIED steps=1 empty=1 clauses=8657
NAIVE RUP VERIFIED steps=1 clauses=8657 sec=0.002
[3/5] Generate a satisfiable negative control
1933 3856
[4/5] Optional MILP cross-check (requires scipy)
[cover_case2] regular degrees: [6, 6, 6, 6, 6, 6, 6, 6, 6, 6, 6, 6, 6]
  x= 0: |N+|=6, |N++|=6, max_matching=5, hall=(1, 4, (3, 4, 5, 6), (7, 8, 9))
  x= 1: |N+|=6, |N++|=6, max_matching=6, hall=None
  x= 2: |N+|=6, |N++|=6, max_matching=6, hall=None
  x= 3: |N+|=6, |N++|=6, max_matching=6, hall=None
  x= 4: |N+|=6, |N++|=6, max_matching=6, hall=None
  x= 5: |N+|=6, |N++|=6, max_matching=6, hall=None
  x= 6: |N+|=6, |N++|=6, max_matching=6, hall=None
  x= 7: |N+|=6, |N++|=6, max_matching=6, hall=None
  x= 8: |N+|=6, |N++|=6, max_matching=6, hall=None
  x= 9: |N+|=6, |N++|=6, max_matching=6, hall=None
  x=10: |N+|=6, |N++|=6, max_matching=6, hall=None
  x=11: |N+|=6, |N++|=6, max_matching=6, hall=None
  x=12: |N+|=6, |N++|=6, max_matching=6, hall=None
  strong vertices: [1, 2, 3, 4, 5, 6, 7, 8, 9, 10, 11, 12]

[hall_case3] regular degrees: [6, 6, 6, 6, 6, 6, 6, 6, 6, 6, 6, 6, 6]
  x= 0: |N+|=6, |N++|=6, max_matching=5, hall=(1, 3, (1, 2, 3), (8, 12))
  x= 1: |N+|=6, |N++|=6, max_matching=6, hall=None
  x= 2: |N+|=6, |N++|=6, max_matching=6, hall=None
  x= 3: |N+|=6, |N++|=6, max_matching=6, hall=None
  x= 4: |N+|=6, |N++|=6, max_matching=6, hall=None
  x= 5: |N+|=6, |N++|=6, max_matching=6, hall=None
  x= 6: |N+|=6, |N++|=6, max_matching=6, hall=None
  x= 7: |N+|=6, |N++|=6, max_matching=6, hall=None
  x= 8: |N+|=6, |N++|=6, max_matching=6, hall=None
  x= 9: |N+|=6, |N++|=6, max_matching=6, hall=None
  x=10: |N+|=6, |N++|=6, max_matching=6, hall=None
  x=11: |N+|=6, |N++|=6, max_matching=6, hall=None
  x=12: |N+|=6, |N++|=6, max_matching=6, hall=None
  strong vertices: [1, 2, 3, 4, 5, 6, 7, 8, 9, 10, 11, 12]

[hall_case4] regular degrees: [6, 6, 6, 6, 6, 6, 6, 6, 6, 6, 6, 6, 6]
  x= 0: |N+|=6, |N++|=6, max_matching=5, hall=(1, 4, (1, 2, 3, 4), (7, 9, 11))
  x= 1: |N+|=6, |N++|=6, max_matching=6, hall=None
  x= 2: |N+|=6, |N++|=6, max_matching=6, hall=None
  x= 3: |N+|=6, |N++|=6, max_matching=6, hall=None
  x= 4: |N+|=6, |N++|=6, max_matching=6, hall=None
  x= 5: |N+|=6, |N++|=6, max_matching=6, hall=None
  x= 6: |N+|=6, |N++|=6, max_matching=6, hall=None
  x= 7: |N+|=6, |N++|=6, max_matching=6, hall=None
  x= 8: |N+|=6, |N++|=6, max_matching=6, hall=None
  x= 9: |N+|=6, |N++|=6, max_matching=6, hall=None
  x=10: |N+|=6, |N++|=6, max_matching=6, hall=None
  x=11: |N+|=6, |N++|=6, max_matching=6, hall=None
  x=12: |N+|=6, |N++|=6, max_matching=6, hall=None
  strong vertices: [1, 2, 3, 4, 5, 6, 7, 8, 9, 10, 11, 12]

[5/5] Done: all six UNSAT certificates and the SAT control verified.
