[cover_case2] regular degrees: [6, 6, 6, 6, 6, 6, 6, 6, 6, 6, 6, 6, 6]
  x= 0: |N+|=6, |N++|=6, max_matching=5, hall=(1, 4, (3, 4, 5, 6), (7, 8, 9))
  x= 1: |N+|=6, |N++|=6, max_matching=6, hall=None
  x= 2: |N+|=6, |N++|=6, max_matching=6, hall=None
  x= 3: |N+|=6, |N++|=6, max_matching=6, hall=None
  x= 4: |N+|=6, |N++|=6, max_matching=6, hall=None
  x= 5: |N+|=6, |N++|=6, max_matching=6, hall=None
  x= 6: |N+|=6, |N++|=6, max_matching=6, hall=None
  x= 7: |N+|=6, |N++|=6, max_matching=6, hall=None
  x= 8: |N+|=6, |N++|=6, max_matching=6, hall=None
  x= 9: |N+|=6, |N++|=6, max_matching=6, hall=None
  x=10: |N+|=6, |N++|=6, max_matching=6, hall=None
  x=11: |N+|=6, |N++|=6, max_matching=6, hall=None
  x=12: |N+|=6, |N++|=6, max_matching=6, hall=None
  strong vertices: [1, 2, 3, 4, 5, 6, 7, 8, 9, 10, 11, 12]

[hall_case3] regular degrees: [6, 6, 6, 6, 6, 6, 6, 6, 6, 6, 6, 6, 6]
  x= 0: |N+|=6, |N++|=6, max_matching=5, hall=(1, 3, (1, 2, 3), (8, 12))
  x= 1: |N+|=6, |N++|=6, max_matching=6, hall=None
  x= 2: |N+|=6, |N++|=6, max_matching=6, hall=None
  x= 3: |N+|=6, |N++|=6, max_matching=6, hall=None
  x= 4: |N+|=6, |N++|=6, max_matching=6, hall=None
  x= 5: |N+|=6, |N++|=6, max_matching=6, hall=None
  x= 6: |N+|=6, |N++|=6, max_matching=6, hall=None
  x= 7: |N+|=6, |N++|=6, max_matching=6, hall=None
  x= 8: |N+|=6, |N++|=6, max_matching=6, hall=None
  x= 9: |N+|=6, |N++|=6, max_matching=6, hall=None
  x=10: |N+|=6, |N++|=6, max_matching=6, hall=None
  x=11: |N+|=6, |N++|=6, max_matching=6, hall=None
  x=12: |N+|=6, |N++|=6, max_matching=6, hall=None
  strong vertices: [1, 2, 3, 4, 5, 6, 7, 8, 9, 10, 11, 12]

[hall_case4] regular degrees: [6, 6, 6, 6, 6, 6, 6, 6, 6, 6, 6, 6, 6]
  x= 0: |N+|=6, |N++|=6, max_matching=5, hall=(1, 4, (1, 2, 3, 4), (7, 9, 11))
  x= 1: |N+|=6, |N++|=6, max_matching=6, hall=None
  x= 2: |N+|=6, |N++|=6, max_matching=6, hall=None
  x= 3: |N+|=6, |N++|=6, max_matching=6, hall=None
  x= 4: |N+|=6, |N++|=6, max_matching=6, hall=None
  x= 5: |N+|=6, |N++|=6, max_matching=6, hall=None
  x= 6: |N+|=6, |N++|=6, max_matching=6, hall=None
  x= 7: |N+|=6, |N++|=6, max_matching=6, hall=None
  x= 8: |N+|=6, |N++|=6, max_matching=6, hall=None
  x= 9: |N+|=6, |N++|=6, max_matching=6, hall=None
  x=10: |N+|=6, |N++|=6, max_matching=6, hall=None
  x=11: |N+|=6, |N++|=6, max_matching=6, hall=None
  x=12: |N+|=6, |N++|=6, max_matching=6, hall=None
  strong vertices: [1, 2, 3, 4, 5, 6, 7, 8, 9, 10, 11, 12]
