>A nauty-build.7mhK8x/nauty2_9_3/gentourng -d6D6 n=13
>Z 1495297 graphs generated in 39.39 sec
	Command being timed: "nauty-build.7mhK8x/nauty2_9_3/gentourng -d6 -D6 13"
	User time (seconds): 39.23
	System time (seconds): 0.16
	Percent of CPU this job got: 99%
	Elapsed (wall clock) time (h:mm:ss or m:ss): 0:39.52
	Average shared text size (kbytes): 0
	Average unshared data size (kbytes): 0
	Average stack size (kbytes): 0
	Average total size (kbytes): 0
	Maximum resident set size (kbytes): 1936
	Average resident set size (kbytes): 0
	Major (requiring I/O) page faults: 5
	Minor (reclaiming a frame) page faults: 95
	Voluntary context switches: 487
	Involuntary context switches: 157
	Swaps: 0
	File system inputs: 1
	File system outputs: 0
	Socket messages sent: 0
	Socket messages received: 0
	Signals delivered: 0
	Page size (bytes): 4096
	Exit status: 0
