processed=100000 elapsed_seconds=0.689064 current_minimum=13
processed=200000 elapsed_seconds=1.38646 current_minimum=13
processed=300000 elapsed_seconds=2.07925 current_minimum=13
processed=400000 elapsed_seconds=2.76702 current_minimum=13
processed=500000 elapsed_seconds=3.44952 current_minimum=12
processed=600000 elapsed_seconds=4.12921 current_minimum=12
processed=700000 elapsed_seconds=4.81669 current_minimum=12
processed=800000 elapsed_seconds=5.49775 current_minimum=11
processed=900000 elapsed_seconds=6.19577 current_minimum=11
processed=1000000 elapsed_seconds=6.88014 current_minimum=11
processed=1100000 elapsed_seconds=7.56209 current_minimum=11
processed=1200000 elapsed_seconds=8.25505 current_minimum=11
processed=1300000 elapsed_seconds=8.94876 current_minimum=11
processed=1400000 elapsed_seconds=9.65493 current_minimum=11
complete records=1495297 elapsed_seconds=10.3076 minimum_strong=11 minimum_count=13
	Command being timed: "./verify_rt13_catalog --exceptions-file EXCEPTIONAL_CLASSES.generated.jsonl"
	User time (seconds): 10.27
	System time (seconds): 0.10
	Percent of CPU this job got: 100%
	Elapsed (wall clock) time (h:mm:ss or m:ss): 0:10.31
	Average shared text size (kbytes): 0
	Average unshared data size (kbytes): 0
	Average stack size (kbytes): 0
	Average total size (kbytes): 0
	Maximum resident set size (kbytes): 3728
	Average resident set size (kbytes): 0
	Major (requiring I/O) page faults: 2
	Minor (reclaiming a frame) page faults: 152
	Voluntary context switches: 255
	Involuntary context switches: 51
	Swaps: 0
	File system inputs: 1
	File system outputs: 0
	Socket messages sent: 0
	Socket messages received: 0
	Signals delivered: 0
	Page size (bytes): 4096
	Exit status: 0
